<?xml version="1.0" encoding="UTF-8"?>
<!-- Generated by org.testng.reporters.JUnitReportReporter -->
<testsuite hostname="AQEEEL" failures="0" tests="1" name="com.hrms.testscript.TC001" time="6.335" errors="0" timestamp="2023-12-25T17:34:49 IST" skipped="0">
  <testcase classname="com.hrms.testscript.TC001" name="LoginLogout" time="6.335"/>
  <system-out>
    <![CDATA[Application Opened]]>
  </system-out>
</testsuite> <!-- com.hrms.testscript.TC001 -->
