<?xml version="1.0" encoding="UTF-8"?>
<!-- Generated by org.testng.reporters.JUnitReportReporter -->
<testsuite hostname="AQEEEL" failures="0" tests="1" name="com.hrms.testscript.TC002" time="5.377" errors="0" timestamp="2023-12-25T17:34:49 IST" skipped="0">
  <testcase classname="com.hrms.testscript.TC002" name="AddEmployee" time="5.377"/>
  <system-out>
    <![CDATA[Application Opened]]>
  </system-out>
</testsuite> <!-- com.hrms.testscript.TC002 -->
